<?xml version="1.0" encoding="UTF-8"?>
<!-- Generated by org.testng.reporters.JUnitXMLReporter -->
<testsuite hostname="Desta" ignored="2" name="Default test" tests="1" failures="0" timestamp="15 Aug 2022 11:03:25 GMT" time="12.962" errors="0">
  <testcase name="testOne" time="3.924" classname="test.TestClass"/>
  <testcase name="@BeforeTest setup" time="0.0" classname="test.BaseClass">
    <ignored/>
  </testcase> <!-- @BeforeTest setup -->
  <testcase name="@AfterSuite afterTest" time="0.0" classname="test.BaseClass">
    <ignored/>
  </testcase> <!-- @AfterSuite afterTest -->
</testsuite> <!-- Default test -->
