<?xml version="1.0" encoding="UTF-8"?>
<testng-results skipped="0" failed="0" ignored="0" total="3" passed="3">
  <reporter-output>
  </reporter-output>
  <suite name="Default suite" duration-ms="25484" started-at="2022-09-01T16:58:33Z" finished-at="2022-09-01T16:58:59Z">
    <groups>
    </groups>
    <test name="Default test" duration-ms="25484" started-at="2022-09-01T16:58:33Z" finished-at="2022-09-01T16:58:59Z">
      <class name="test.TestClass">
        <test-method status="PASS" signature="setup()[pri:0, instance:test.TestClass@7c0c77c7]" name="setup" is-config="true" duration-ms="11350" started-at="2022-09-01T16:58:33Z" finished-at="2022-09-01T16:58:45Z">
          <reporter-output>
          </reporter-output>
        </test-method> <!-- setup -->
        <test-method status="PASS" signature="onBoardingPage()[pri:1, instance:test.TestClass@7c0c77c7]" name="onBoardingPage" duration-ms="1415" started-at="2022-09-01T16:58:45Z" finished-at="2022-09-01T16:58:46Z">
          <reporter-output>
          </reporter-output>
        </test-method> <!-- onBoardingPage -->
        <test-method status="PASS" signature="homePage()[pri:2, instance:test.TestClass@7c0c77c7]" name="homePage" duration-ms="5450" started-at="2022-09-01T16:58:46Z" finished-at="2022-09-01T16:58:52Z">
          <reporter-output>
          </reporter-output>
        </test-method> <!-- homePage -->
        <test-method status="PASS" signature="SearchBar()[pri:3, instance:test.TestClass@7c0c77c7]" name="SearchBar" duration-ms="7229" started-at="2022-09-01T16:58:52Z" finished-at="2022-09-01T16:58:59Z">
          <reporter-output>
          </reporter-output>
        </test-method> <!-- SearchBar -->
        <test-method status="PASS" signature="afterTest()[pri:0, instance:test.TestClass@7c0c77c7]" name="afterTest" is-config="true" duration-ms="0" started-at="2022-09-01T16:58:59Z" finished-at="2022-09-01T16:58:59Z">
          <reporter-output>
          </reporter-output>
        </test-method> <!-- afterTest -->
      </class> <!-- test.TestClass -->
    </test> <!-- Default test -->
  </suite> <!-- Default suite -->
</testng-results>
