<?xml version="1.0" encoding="UTF-8"?>
<testng-results skipped="0" failed="0" ignored="0" total="2" passed="2">
  <reporter-output>
  </reporter-output>
  <suite name="Default suite" duration-ms="22134" started-at="2022-09-01T14:31:39Z" finished-at="2022-09-01T14:32:01Z">
    <groups>
    </groups>
    <test name="Default test" duration-ms="22134" started-at="2022-09-01T14:31:39Z" finished-at="2022-09-01T14:32:01Z">
      <class name="test.TestClass">
        <test-method status="PASS" signature="setup()[pri:0, instance:test.TestClass@20d28811]" name="setup" is-config="true" duration-ms="14050" started-at="2022-09-01T14:31:39Z" finished-at="2022-09-01T14:31:53Z">
          <reporter-output>
          </reporter-output>
        </test-method> <!-- setup -->
        <test-method status="PASS" signature="onBoardingPage()[pri:1, instance:test.TestClass@20d28811]" name="onBoardingPage" duration-ms="1471" started-at="2022-09-01T14:31:53Z" finished-at="2022-09-01T14:31:54Z">
          <reporter-output>
          </reporter-output>
        </test-method> <!-- onBoardingPage -->
        <test-method status="PASS" signature="homePage()[pri:2, instance:test.TestClass@20d28811]" name="homePage" duration-ms="6559" started-at="2022-09-01T14:31:54Z" finished-at="2022-09-01T14:32:01Z">
          <reporter-output>
          </reporter-output>
        </test-method> <!-- homePage -->
        <test-method status="PASS" signature="afterTest()[pri:0, instance:test.TestClass@20d28811]" name="afterTest" is-config="true" duration-ms="0" started-at="2022-09-01T14:32:01Z" finished-at="2022-09-01T14:32:01Z">
          <reporter-output>
          </reporter-output>
        </test-method> <!-- afterTest -->
      </class> <!-- test.TestClass -->
    </test> <!-- Default test -->
  </suite> <!-- Default suite -->
</testng-results>
