<?xml version="1.0" encoding="UTF-8"?>
<!-- Generated by org.testng.reporters.JUnitXMLReporter -->
<testsuite hostname="Desta" ignored="2" name="Default test" tests="2" failures="0" timestamp="31 Aug 2022 17:01:51 GMT" time="11.879" errors="0">
  <testcase name="loginBtn" time="1.588" classname="test.LoginTest"/>
  <testcase name="loginInvalid" time="2.621" classname="test.LoginTest"/>
  <testcase name="@BeforeTest setup" time="0.0" classname="test.BaseClass">
    <ignored/>
  </testcase> <!-- @BeforeTest setup -->
  <testcase name="@AfterSuite afterTest" time="0.0" classname="test.BaseClass">
    <ignored/>
  </testcase> <!-- @AfterSuite afterTest -->
</testsuite> <!-- Default test -->
